hand
verse
greetings
handed
assignment
token
planet
extra
fire
malta
provinces
investment
said
pillow
arc
improve
revelation
whom
qualify
terrain
restore
shot
married
reaches
entrance
corps
moisture
contributed
complaint
streams
persons
knowing
winning
queries
measure
genres
consolidation
cache
citations
produce
challenged
thoughts
property
flights
joined
depot
biblical
tube
system
trunk
aurora
chaos
selecting
solo
predictions
stainless
modify
boulevard
aggregate
careers
tracking
paste
strange
announcement
customers
adjusted
these
lesson
glance
listed
eliminate
yellow
integral
removing
watching
balanced
seal
brooks
subscriber
increases
chronicle
portraits
quantity
saying
during
suited
mu
answered
branches
september
using
rush
occurring
paris
switch
if
earl
fun
monkey
attitude
