suspect
delete
allocation
sheep
shall
ministries
promising
reel
buck
acting
bias
connection
gravity
grab
fusion
delicious
dialogue
boost
typing
extensive
legislature
detroit
builds
crude
searching
minutes
amber
payable
methods
practices
top
food
advertisements
bid
puzzle
west
man
opt
actions
recording
except
human
contract
amount
court
exemption
movement
auditor
marketing
ordinance
collector
toilet
soul
everything
pleasant
savage
recipe
atlanta
worn
renaissance
saw
parental
con
foods
buffer
acquisitions
seconds
blend
housing
youth
exception
throwing
anatomy
purse
restored
distribution
disabled
allowed
strengthen
roof
describe
actual
transcription
touched
charged
principles
thereby
intended
pan
rock
parts
reproduce
computers
fare
newsletter
answers
structural
develop
anymore
determining
referring
retrieved
bedding
economy
seattle
keeping
wine
owned
leisure
academic
races
billy
filed
spies
murder
pick
gene
stay
part
anchor
spy
invasion
planet
bonus
champion
dancing
calculation
channel
segments
adobe
digital
grateful
hits
answered
million
vacuum
toys
installation
backgrounds
density
representation
suspected
equipment
sample
endless
gloves
everyday
associates
likelihood
dry
switched
visited
hire
opportunities
ultimate
operated
nor
sizes
committee
art
lyric
north
businesses
measurement
corps
component
casting
spirituality
linear
receiving
schools
access
prepared
using
sailing
normal
selecting
namely
topic
unlimited
advocacy
publish
cloud
learning
cemetery
ethical
throws
captain
nature
attempt
names
dollar
vary
licence
comic
arcade
regions
essential
blink
somewhere
traffic
dose
harm
phase
remains
minus
shark
culture
township
interpreted
ridge
showed
increases
blowing
stripes
probability
trials
pass
calcium
filter
dresses
refine
exempt
portable
tea
frequent
log
dead
settings
time
threatened
celebrities
square
lord
browse
jews
patent
name
lamb
jay
borough
capability
verbal
flux
season
benefits
major
remote
operator
begun
moment
schedules
based
hang
prepare
recreation
quarters
fairly
reading
decreased
introduction
cookies
album
why
ruling
theoretical
boxes
products
sponsor
boxing
catering
mile
shots
reporters
mr
escape
significant
beings
rugby
precious
instructions
fatal
trace
selected
wars
palace
shape
celtic
produce
players
cars
both
shades
listing
away
communications
treasure
subsidiary
inexpensive
grows
blocked
spirits
yeast
verify
destroyed
accommodations
reef
provision
onion
graham
routine
metric
par
void
useful
cuba
bathroom
statute
nominated
economies
looks
museums
chicken
discrimination
ken
berry
sublime
decade
supporters
sees
applicants
halo
princess
portfolio
aged
terrace
alarm
benjamin
directly
fast
weddings
printer
mine
earth
encourages
talked
commons
corn
god
astronomy
refund
separated
cake
souls
assumed
please
dock
citizen
suitable
book
adjustments
thou
dare
scroll
situated
staff
pine
motors
week
corners
performances
lion
inquiry
incomplete
committees
branch
close
shipped
hazards
lovers
upon
thanksgiving
graph
knowledge
obtaining
pushed
unto
monroe
circulation
opening
seller
should
revision
regardless
fantastic
victory
title
complement
investments
curve
pills
wooden
funk
residential
happens
accredited
group
technology
worlds
partners
bread
dietary
dam
sand
destiny
feeling
acute
slovak
scheduled
inspired
either
describes
remaining
physics
got
short
revenue
squirt
moved
thunder
blade
baptist
tactics
reconstruction
accordingly
air
night
walker
hints
things
drawings
correction
mood
councils
occurs
ethics
serves
approaches
brick
logic
controller
age
spelling
street
railway
fan
state
held
abstract
administrators
surgery
announced
or
hawaii
popularity
persistent
era
landscape
visual
opens
failures
thanks
batman
mixing
hacker
lincoln
regional
indian
platform
installed
requiring
gift
indicated
physiology
conflicts
story
sentence
ion
terminal
form
holding
strengths
florist
cowboy
ladder
daughters
entire
reed
import
total
helen
governance
conducting
significance
integration
ships
literary
kissing
jobs
paste
polls
sends
critics
junction
forgot
gross
producers
recommended
rather
sunset
thought
extent
retail
walking
gained
plains
mostly
specify
wishes
series
joke
confirm
ghost
malawi
walk
appearing
angels
rip
brake
quarter
hydraulic
telling
great
wool
war
converted
stations
establishing
iron
results
troy
muscles
indians
booth
priority
beverages
illness
chess
warning
organised
optional
file
optical
enemy
amongst
skill
qualified
rand
famous
opened
recovery
sandwich
extract
amendments
enterprise
fail
reproductive
stylus
every
sustained
training
prime
determined
fake
photographer
pulling
syntax
insert
tile
sin
narrative
giving
loved
convenience
country
launch
custom
pet
blind
proposal
selective
lodging
fellow
invite
jar
partition
delivery
dressing
chemical
profession
canal
airplane
outdoors
televisions
intend
architectural
subsection
diamonds
brief
compute
address
falls
message
take
mystery
rational
folding
anger
least
expensive
strictly
move
last
tuning
alive
inclusion
mailed
foot
concept
flexibility
museum
lots
population
follows
remedies
gel
four
powers
fighters
implications
settlement
farmers
tariff
reports
baths
sunday
conferences
harmony
chair
gets
degree
fraud
gothic
discretion
ranges
jungle
locale
behind
chronicles
enhance
bed
young
testimonials
news
distinction
earning
agreed
democratic
toward
authors
suddenly
lake
firms
papers
hill
shed
overhead
outlook
stick
complaints
effectiveness
basis
deserve
mistress
lounge
error
dangerous
administrative
composed
industry
faces
sensitive
structure
can
extend
singer
pulled
block
electrical
bound
hospitals
never
packet
overcome
bands
closes
bali
licenses
such
seeking
church
goat
discuss
resorts
james
secure
convinced
seventh
exclusive
materials
hawk
permit
investing
burden
encoding
compiled
purpose
robin
adam
turning
grew
facts
which
turtle
typical
essay
attractive
saved
stored
work
phantom
reset
experts
detective
comics
incidence
possible
corruption
determine
maintained
agreement
variation
colleague
transport
cottage
bowling
offensive
bottles
detection
wondering
median
fitting
adolescent
guarantees
fruits
single
sign
horn
clause
resume
sage
capitol
taylor
herbs
hub
blocking
approval
saints
lets
main
charity
habitat
messages
fun
wrestling
heritage
certification
queue
liberia
possess
manufacture
pearl
district
bachelor
trip
monday
crazy
eclipse
purple
reward
cuts
lawyers
forecast
kick
montreal
criteria
order
blond
leaf
incorrect
pressed
texts
southern
presents
marker
loan
quiz
billion
measure
yourself
preceding
treatment
cardiac
dee
lock
dentists
sender
occurrence
contrast
reveal
sheriff
fortune
show
product
emphasis
implied
varying
gay
appeals
committed
competitions
heather
met
inns
courier
trinidad
origin
biology
pregnant
elsewhere
transferred
rover
wizard
specifications
polar
draft
duty
store
announcement
thinks
began
specially
generated
prediction
destruction
altered
divide
devil
south
swing
theory
supreme
drug
increase
strap
salvation
benefit
building
scope
confidential
ears
satin
dish
finest
come
shore
democrats
legacy
vat
concert
drawn
presently
wash
already
allied
hint
bishop
assembly
much
edge
phenomenon
standing
binding
hospital
recently
lower
salmon
prescription
list
supervisors
exchange
elimination
declined
excess
cherry
guides
beliefs
calvin
lay
portal
glasses
records
microwave
arrested
resolution
poll
jury
hosts
accountability
start
rates
john
effect
commissioner
border
flags
taught
computing
assured
constraint
before
level
new
accepting
accommodate
witness
supported
occasion
wonder
revenge
myth
under
bacon
confirmation
fish
cleared
damages
appointment
athletes
publication
circumstances
industries
strand
renewable
timely
arrived
radiation
exotic
oxygen
crown
alumni
mature
opponents
likely
dogs
finder
conventional
sides
immediately
craft
construction
inner
competent
miles
zip
produced
zambia
distinct
milan
capacity
multiple
guitar
transform
pads
keeps
barn
careful
attraction
haiti
recorder
commitment
shooting
believed
impose
creative
wealth
wiring
constant
watt
outer
orders
dynamic
warming
replace
leeds
physician
creations
liver
synopsis
searches
congratulations
feelings
pike
whilst
totals
comprehensive
strings
feels
advised
preserve
skilled
beneath
statistics
wright
pressure
advertising
mrs
offering
toll
slut
build
primary
illegal
song
incoming
rest
that
mathematics
invitation
prairie
yemen
predictions
oriental
subscription
royal
pays
rebound
tons
conditional
replacement
resources
headlines
enemies
collins
twice
insects
reply
proud
producing
senate
partial
inches
spider
aim
habits
litigation
marks
folks
commodity
bedrooms
toxic
generation
concerning
consolidation
meets
probe
backed
engine
magnificent
venture
cooked
religion
photographic
charlie
want
indicating
societies
consistent
fewer
flame
reduce
beginner
spoken
position
shut
advertisement
jump
sell
continually
chancellor
bless
swap
hydrogen
elected
attract
theories
improvements
holmes
jewel
stars
charms
wheels
switches
science
constitute
astrology
fully
counter
catalogue
shift
where
field
isolation
maiden
legislative
comply
begins
threats
occur
castle
arguments
focal
base
declare
overall
skirts
madness
pour
lee
letters
disease
conflict
relationships
wake
revisions
trailer
modelling
hills
flesh
forwarding
headed
maker
rod
cartridges
breasts
places
meanwhile
beans
images
three
java
accidents
disciplines
existence
sales
artists
grave
content
excerpt
attitudes
challenging
reflection
delegation
opinion
consultation
seats
workshop
tool
environments
blanket
pa
summit
fresh
musicians
imports
capabilities
raw
returning
bee
jail
article
drum
intervals
providence
jesus
corpus
communities
member
boss
trees
score
valley
wage
technique
relating
spokesman
compile
oasis
agents
fears
undefined
sat
universal
but
activities
feeding
kidney
joseph
seas
peaceful
wales
examine
english
return
invention
bolivia
beautiful
ordered
percent
plug
download
paid
defines
accent
silent
numerous
fairy
curriculum
august
tiger
sports
environment
tracks
burns
attribute
advocate
spa
gentleman
bracelet
logo
play
picnic
change
united
mud
loop
rain
colon
salad
swimming
ages
snake
appearance
loaded
cart
line
menu
publisher
bedroom
inquiries
butterfly
threads
ways
journalists
chose
roller
relevant
serial
egyptian
boulevard
laboratories
relief
scholarships
certainly
terror
fingering
pirates
novelty
control
flash
believes
elderly
disturbed
maldives
badly
classic
commerce
circles
route
drag
instrument
guidance
pulse
artificial
sole
tub
tanks
oak
totally
adding
reflected
admitted
brown
kenya
worry
black
notice
inherited
missile
temperature
pavilion
badge
gallery
mouse
anybody
guild
martial
liabilities
family
fine
difference
farms
riders
midi
decision
cooling
harbour
recipient
mesh
graduated
rapidly
may
values
possibilities
above
journals
italian
something
premium
growing
experiences
cheap
exhibit
stated
differences
proven
reported
granted
explaining
jet
somebody
sectors
hands
slip
attend
mistake
alter
boom
achievements
knock
commercial
ok
erotic
sent
reference
grown
one
humanitarian
clay
cave
public
needle
weapon
as
equations
imperial
energy
drop
cumulative
salem
strange
selections
weeks
reduction
trends
lined
extremely
strong
television
anna
terrorism
appointed
carry
movie
tokyo
expense
timber
frank
dude
myself
cognitive
marathon
sad
rating
reforms
largely
tissue
proved
vegetation
vital
barrel
issue
problem
addressing
speech
apache
finland
sport
consulting
rotary
thereof
mileage
managing
plaintiff
jersey
washington
exceptional
hoped
like
presenting
nuts
boulder
col
butt
roots
pleasure
high
flows
rev
authentic
cylinder
size
police
dealers
ah
allowance
actor
downloading
nickel
intersection
holidays
anything
occupational
competing
guidelines
arab
original
all
consensus
split
tax
bell
rolled
desperate
dream
plate
writes
match
lift
appreciate
remarkable
covering
wed
extraction
drinking
homeless
resulting
rocky
gardens
graduation
merry
buried
material
husband
spine
majority
nested
valve
watts
spare
ecuador
ye
mixture
bizarre
mentor
my
ant
handbook
period
step
provides
ensemble
collect
whom
democracy
patch
resistant
surrey
palm
buy
existing
arranged
thoroughly
sun
brunette
battlefield
challenged
cambodia
foam
hamburg
attempting
children
florence
centuries
starts
grant
creating
ought
festival
warm
genre
works
gear
voluntary
expired
fountain
torture
experiments
forests
ohio
walked
operate
sacrifice
nevertheless
variable
audio
lace
rangers
cut
lover
party
encyclopedia
teacher
harvest
abortion
rats
mission
electronic
bacteria
pharmacy
harder
model
install
pump
synthetic
appendix
budapest
ratio
strips
expectations
available
holds
bears
induction
hazard
leone
kitty
vendor
trick
virtual
stable
volumes
ability
report
poland
suppose
adaptive
boutique
civilian
guy
exceptions
infection
envelope
birthday
sofa
votes
expanding
hierarchy
modern
economics
expenses
review
plans
adjustable
performance
admissions
fin
seeds
mounts
beginning
parallel
guilty
decided
conclude
delays
governmental
registered
warehouse
departments
effects
village
bundle
buys
coffee
pack
survivors
preparing
sam
confused
career
drunk
sells
angle
particular
aerial
flat
banking
dependent
bringing
amenities
officers
be
golden
provisions
variety
health
groove
immediate
includes
feature
herein
resulted
repair
extraordinary
pill
off
loud
space
funeral
bills
attendance
manuals
delight
created
programming
core
calm
offshore
dip
eagle
chemistry
lectures
clean
wants
refuse
dr
acquired
towers
tracking
crystal
shade
details
geometry
feel
independent
trainer
self
diverse
diagram
seeing
transactions
advice
humans
mars
writer
observe
exposure
contractors
child
temporary
anywhere
deputy
suggest
reserved
subsequently
coordination
outdoor
completion
tales
employee
essentials
violent
constantly
stayed
ambient
trusts
picked
equality
kiss
fitness
demonstrate
bars
too
statement
patrol
school
desk
his
tires
vegetarian
direction
monaco
hypothetical
independence
speaker
solve
teaching
infrastructure
calculator
disaster
commands
port
publishers
ref
bleeding
someone
involving
option
samples
battle
comfortable
affiliation
introductory
mas
closely
sweet
measured
timing
brush
open
gaming
extreme
bend
baby
cultural
integrity
official
lenses
visit
meaning
number
test
forms
alternate
lance
examples
extends
heaven
separately
clip
improving
welfare
city
pretty
global
rated
housewives
specification
thick
suited
third
is
goods
communicate
composite
skirt
dealt
macintosh
burst
tune
features
meat
citations
mac
pie
increased
smoking
cheaper
applications
deaths
unfortunately
club
hood
humanities
pole
few
tanzania
till
tired
steal
national
miss
latin
procedures
appropriate
fear
woods
willing
halifax
headquarters
picking
shine
germany
voltage
vice
bind
anyway
shipments
pipes
portugal
movers
down
months
contest
animal
annotated
executive
digit
magic
aggregate
himself
fault
rate
villa
praise
villages
went
rays
continuous
preferences
reject
examined
equipped
debut
greece
bomb
scanning
pork
guards
election
italic
bugs
closing
recovered
utility
query
changes
maine
weird
surf
data
meal
track
date
ordinary
attached
unity
supports
ben
malaysia
viking
welding
horse
african
batteries
container
docs
footwear
neither
publicity
ham
influenced
yoga
tribune
cricket
administered
veterinary
dolls
churches
peas
armed
elite
announce
rid
thomas
hunt
century
used
kentucky
surface
waiting
care
lone
estimate
lions
definitions
referred
pussy
newest
spanish
bureau
flush
cubic
potential
acquire
transaction
moral
further
fair
hate
include
applied
eagles
lit
sub
quick
searched
copies
virgin
jokes
disagree
able
checks
warranties
stamp
luggage
respondent
instruments
teaches
senegal
incredible
associated
ruled
pain
draw
educators
christ
animation
dramatic
lease
limits
frog
yarn
enforcement
civil
sunrise
arrest
hired
sec
belly
battery
print
duties
prophet
propose
employer
operation
ordering
another
winter
discs
rolls
circle
deficit
contacts
contracts
railroad
renewal
iceland
jacob
confident
improve
wall
tennis
effectively
gardening
alcohol
beats
accessible
precise
glasgow
provided
tablet
introduces
heat
mechanisms
choices
hoping
result
unavailable
resort
newer
bobby
wise
selection
mounting
commissions
commander
internet
amateur
suicide
ebony
stood
indices
stops
son
factors
holiday
teach
depends
scan
considerable
advert
charm
planes
protocol
direct
addresses
equity
until
secrets
contracting
breakfast
paper
households
uncle
gamma
nut
province
telephone
lessons
succeed
discover
herself
efficiency
excellent
unusual
accepts
december
citation
invalid
responses
professionals
increasing
photographs
rap
lakes
nuclear
pumps
hurt
britain
expects
custody
divided
jaguar
substances
moisture
midnight
supplements
dairy
birth
credit
angola
bench
prayers
ministry
closure
andrew
examining
productions
deer
tables
viewed
network
support
fatty
prototype
concerned
dance
outstanding
eventually
owner
absolutely
considers
cover
approved
deep
raid
classical
randy
chronic
approximate
popular
utilities
stock
perceived
camera
aluminum
contributions
mad
plaza
consent
eligibility
kid
quarterly
retirement
excel
origins
boating
cite
martin
shapes
savannah
plane
liable
frequency
forever
german
yellow
carries
arkansas
forgotten
claim
denmark
principle
bloody
mailing
victor
flag
antiques
territory
conceptual
consultant
screw
default
furthermore
baker
light
forced
enjoy
smaller
guarantee
decrease
discussions
objective
investor
rep
arch
simplified
settled
operates
entries
watched
recover
belt
oldest
candles
mercury
chapters
librarian
desirable
see
generate
prior
vertical
diary
creek
specialist
restrict
column
whale
radical
donations
investment
introduced
accessed
clouds
involves
guide
bottle
protest
scholarship
proprietary
ballot
dim
request
subject
framework
excluded
isolated
for
feeds
suggests
chubby
due
somehow
arms
guitars
moments
sound
survivor
focused
meetings
peripheral
yards
clocks
municipality
enter
sessions
peninsula
entertaining
targets
kitchen
banana
miracle
excited
involved
cattle
pattern
presentations
striking
thee
safari
intent
corrected
muscle
penny
henry
gun
included
albany
political
prison
squad
labour
developed
surprise
backing
sheer
client
tattoo
expansion
served
device
amendment
pin
expenditures
released
bibliography
voice
pat
anonymous
burning
evidence
bankruptcy
depot
friend
doing
girl
permitted
lead
attorneys
constitutional
shipment
flowers
garden
mutual
estimation
earnings
derby
trim
shops
door
planned
on
strain
eastern
height
irish
now
reaction
mind
appreciation
circuit
supporting
arbitration
talks
sticks
instance
personally
vacancies
reporter
observations
emotions
left
fraction
soviet
vessel
controversial
extension
bags
cream
dice
formed
threatening
symposium
informal
beast
commission
engineering
niger
boston
maple
sciences
visitors
fires
opportunity
prevent
tell
novels
presidential
cap
runs
stamps
dawn
financing
commonwealth
tiny
handling
remain
turn
china
dig
certified
lodge
side
claims
gate
hay
agree
conservative
mustang
subtle
built
patient
paul
lamp
assign
thirty
bracelets
fat
stomach
easily
pose
solved
choosing
hopefully
wan
answer
underwear
division
partly
brussels
readings
registrar
modifications
centres
structures
love
deeper
rings
stuffed
target
camping
em
rat
factor
interval
roll
interaction
appliance
certain
chosen
company
fallen
watch
first
priest
establish
pitch
detect
throat
ribbon
signs
others
within
darwin
ups
terry
cathedral
prompt
expression
perfectly
drums
afraid
efficient
networks
dublin
trunk
mental
technological
diana
hours
beverage
function
healthy
assessments
cape
discipline
alternative
trips
importantly
merchant
chinese
pot
pink
corrections
plants
chapel
incidents
fill
brother
better
applying
files
looking
prove
fence
mortgages
acceptable
considering
memphis
tubes
substitute
injured
reduces
installing
resource
naked
nipple
dimensions
valentine
indirect
otherwise
holy
soma
bold
oxford
finally
occasionally
delta
good
receiver
car
styles
presentation
link
dinner
surge
velvet
prevention
boat
passive
opera
numerical
jewelry
dealer
pursue
greatly
ran
kennedy
transfers
maintain
middle
achievement
annoying
sending
allowing
plot
prefer
territories
display
carol
mat
definitely
respiratory
hispanic
consequently
fails
trustees
proudly
novel
hollow
dedicated
count
arrow
ray
rights
arabia
economic
courts
properly
exciting
writing
flooring
combined
sap
also
common
pocket
worldwide
voting
seems
raising
athletic
premiere
undertaken
written
proceeds
accomplished
paintings
automobile
companion
accuracy
substantial
question
twin
notion
newspaper
treasurer
lawyer
usually
outlined
spectrum
governments
explanation
steering
reprint
expressed
compensation
advances
lottery
were
handle
league
fighting
hold
hybrid
defined
inside
historical
fishing
adapted
presence
modem
thumbs
passage
lost
game
matters
contrary
heated
triple
playing
sequences
entities
hit
mobility
baking
coaching
disability
composition
shoes
seating
eight
showers
combinations
bass
latvia
ban
responsible
breathing
words
periodically
elevation
april
carriers
gore
tickets
excuse
joining
fares
narrow
weak
mapping
working
desire
decent
charging
segment
lucky
determines
poetry
disclosure
western
dishes
resident
merge
radios
browser
suit
considerations
alpine
copyright
bob
medicines
pest
tapes
wife
fixed
itself
artistic
initiative
distributed
measures
grace
spot
filtering
personal
aboriginal
mart
tunisia
earthquake
georgia
airports
statutes
linking
worthy
usual
machine
theatre
cooler
sir
accounting
cancelled
entitled
steps
duck
futures
recommend
improved
into
gotten
wanted
hypothesis
elegant
oaks
shipping
rise
again
carbon
told
europe
surgeon
explicit
had
penalties
legend
ward
modified
farmer
apart
lemon
microphone
best
wallet
midlands
bar
nato
casino
antique
end
provider
creature
discussion
helping
boring
broadcast
premises
broke
pencil
gathering
completed
head
mate
node
freely
failure
catch
partially
difficulties
atomic
tournament
awareness
pierce
latter
leaders
river
columbus
clothing
nudity
automatic
token
critical
retreat
job
limit
nobody
cruise
allows
response
fought
exactly
quality
dirty
cad
hottest
execute
yea
devices
deeply
case
large
mechanical
serve
fly
submitted
tray
acceptance
regulated
granny
at
flying
wrapping
scoring
mothers
reliable
negotiation
complexity
immune
witch
stroke
weekly
going
maintains
nominations
theology
disciplinary
unnecessary
tremendous
mayor
cent
curious
tested
pointed
debate
negotiations
tide
interviews
sure
trained
controlling
compare
ceremony
search
patches
foundation
permanent
incentives
helps
accurate
tropical
masters
physical
ice
exhibits
traditions
mistakes
titles
memory
accordance
anthropology
hunger
cry
acquisition
commentary
solving
gnu
heater
folk
frequently
stone
drinks
tools
cox
intelligence
planning
whose
dreams
completing
costumes
neck
agency
creator
scene
grammar
takes
disc
conjunction
reactions
convention
licensing
bridal
indication
belongs
repeated
functions
programs
alphabetical
flower
college
prohibited
donor
collapse
canvas
ethnic
remembered
teeth
becoming
specifically
struggle
thrown
ball
satisfied
through
wheat
joined
behaviour
bargain
woman
account
orbit
trigger
enables
amazon
farming
possibility
ill
egypt
spin
forward
fabrics
being
axis
retro
welsh
mats
norway
enhanced
dressed
parks
pakistan
athens
refrigerator
aid
primarily
female
outside
temperatures
knights
develops
likewise
perception
drilling
coupons
lack
strikes
glossary
naples
derived
thousand
sounds
dental
preferred
machines
substantially
rank
sewing
ties
editors
nights
section
schedule
shaped
earrings
supplemental
stages
must
grade
proportion
soldiers
tract
mention
aye
physically
via
including
bumper
wax
beginners
brave
fiscal
wrap
graduates
kirk
petroleum
ever
occasional
value
fever
given
friday
charming
recognised
cottages
signing
path
silly
geography
oils
photo
superb
inventory
equation
needs
bridge
concern
nail
ownership
compound
once
winning
gazette
dual
additionally
investigate
cloudy
trinity
chicks
wrist
body
scientists
hospitality
gather
distant
nearest
percentage
traveller
overview
team
expressions
living
memories
just
healing
grass
touring
avoid
blood
satisfaction
easy
venue
mild
recommendations
poem
builder
nigeria
nomination
attachment
sufficient
widely
behalf
operating
insured
rush
assigned
encourage
omega
algebra
valid
withdrawal
white
wells
ready
depending
affect
manor
promoted
signatures
apartment
missed
subscribers
americans
apparel
jamaica
experiencing
hungary
paragraphs
monitor
controls
intention
identical
diagnostic
chocolate
tomorrow
scanned
place
easter
disposition
motion
victims
mixed
handles
interesting
festivals
view
est
managed
declaration
men
next
projected
needed
colonial
receives
cannon
cost
chart
ireland
shower
forbidden
advisory
tough
services
checked
textbooks
maps
universe
absorption
complications
each
adjusted
soil
candy
bought
diseases
fruit
gambling
seniors
dad
championship
many
accurately
empire
noted
instructors
house
technical
senator
globe
after
finnish
dale
stockings
occurred
hopes
lending
oh
enabling
pointer
topics
reducing
fifty
charter
around
nirvana
attempted
valued
quantum
today
lyrics
help
calendar
wires
adjustment
trains
belong
born
reservations
compliance
regime
banned
european
upset
titled
classics
bible
deny
mails
pre
satellite
contractor
chain
table
meter
fund
proposed
winner
loss
subsequent
bill
membrane
politics
abilities
users
familiar
poverty
presented
affects
still
highest
seat
falling
sold
relatively
gentle
sentences
tackle
consumer
queens
join
afterwards
soon
concord
adventures
editorial
performs
aberdeen
trades
signals
assault
recommends
studying
moss
dump
recipes
predict
appear
purchasing
tries
cow
peter
girls
grey
performed
fitted
affecting
legendary
luxury
emerging
breach
continent
interview
seek
student
fixes
matching
plant
customer
prominent
bang
entrance
yields
challenge
coral
thesis
catholic
savings
anniversary
designers
up
detail
glance
father
willow
vegetables
quote
process
shepherd
polo
transcripts
manufacturer
reaching
trap
rhythm
absence
attacks
compounds
purposes
efficiently
gossip
auburn
pursuant
comparison
dropped
description
sorts
estonia
velocity
declared
mass
grip
bank
accounts
puppy
puzzles
gen
beaver
nasty
holly
incorporated
counsel
attended
big
blades
jade
revolutionary
minerals
auto
tonight
babes
ambassador
namibia
watershed
fell
finite
killed
operations
objects
heart
vulnerable
deadly
wild
burn
wins
extra
patients
web
rally
taiwan
future
distributions
volunteer
processes
vatican
trout
documents
tech
earl
spouse
connections
sacred
covers
lie
sites
obvious
domains
negative
studies
spots
logos
concerts
practice
finishing
islands
nitrogen
camps
cartoon
played
pushing
religious
fifth
formal
lighting
soft
rooms
rom
shoe
july
town
canyon
cleaner
its
different
throw
ala
clusters
significantly
mug
kent
fort
suburban
dates
trio
glen
thin
tenant
theme
locations
copyrights
peak
promotions
dining
sauce
average
cable
spending
known
counting
stones
doe
printed
markets
your
face
lady
fiction
staying
satisfy
fourth
cities
dramatically
tip
magnitude
bath
crop
bug
resist
exchanges
producer
david
perspective
disputes
fits
september
bring
metres
directions
circular
customs
bucks
packed
suck
chances
obligations
forecasts
translate
ranked
hour
auctions
belief
margin
maternity
copied
steel
impact
consciousness
adjust
blank
sudan
chad
comedy
licking
talented
supplement
skin
else
row
county
bouquet
replica
prince
hash
detailed
dispatch
investors
symbols
relative
collected
transit
variables
injuries
dash
combines
embedded
reach
ethiopia
metals
computation
magnetic
done
solely
canadian
exclusively
combat
trader
eternal
quoted
duration
golf
cheese
universities
domestic
representative
attorney
funding
measuring
fundamental
unemployment
simple
reserves
stem
highway
completely
pond
matches
beads
solutions
sequence
low
quantities
decline
write
themes
arrives
sealed
crimes
rick
sufficiently
ash
issued
toy
yes
passed
hip
clearly
barrier
status
lawn
among
argument
happen
minds
promote
painting
chip
charitable
enabled
supposed
interpretation
animated
bearing
poker
flood
writings
waste
wicked
means
colour
epic
people
spirit
bitch
selling
electricity
techniques
understanding
engineer
horrible
sic
surveillance
sweden
tips
saves
rack
commonly
fabulous
bargains
expect
offset
ware
chips
forge
costume
moon
garbage
preservation
whether
daddy
protective
death
musical
analyses
deal
educated
cards
bangkok
furnishings
repository
addressed
live
cheapest
hear
collecting
voters
bet
summaries
investigation
supervisor
walnut
exports
licensed
owns
italy
sisters
tower
prescribed
heights
trucks
investigated
cells
differently
scotland
vocabulary
guess
damage
illustrated
him
sets
urban
cop
visiting
followed
administrator
agrees
bye
sale
influences
sleeping
borders
iraq
logs
listed
forty
ne
discusses
participant
urge
tolerance
strict
administration
buying
delay
even
apollo
achieved
magazines
hall
approve
bridges
telecommunications
eden
absolute
brisbane
various
bigger
ensuring
yield
excessive
depression
bidder
estimated
travels
entertainment
late
adventure
bids
panic
painted
landing
beds
add
cabinet
computer
decorative
labels
eliminate
gorgeous
munich
merit
laboratory
calendars
remove
twisted
identification
so
citizenship
opinions
directory
finished
approach
offers
cliff
moreover
optics
hazardous
brochure
pig
here
telescope
russian
sight
gates
republic
divisions
balloon
reason
marble
broad
pool
rapid
provinces
diversity
secret
serious
donors
get
receivers
persian
formula
portions
insurance
char
he
cant
cab
rapids
crafts
logging
candidates
method
containing
sometimes
emergency
boot
painful
finish
cheat
deviation
recognition
annex
tree
adopt
everyone
rows
sporting
yard
terminology
identifies
filters
subscriptions
fibre
persons
regularly
congress
nails
greeting
glad
boundary
keep
talk
aircraft
nerve
brought
reliance
cycle
ours
select
waves
any
guest
louis
experienced
maximum
kills
opposed
somewhat
over
abroad
paying
phases
separation
liberal
net
happened
hook
bulletin
license
resolve
cardiff
serving
cycles
wheel
nearby
chairs
power
tit
green
departure
dear
from
music
travelling
restoration
matched
risk
you
hygiene
spiritual
jets
note
breed
participating
caps
porter
favourite
worst
former
forestry
quotations
shadows
study
complaint
longitude
command
moses
cartoons
lives
merely
holdings
been
collective
expiration
regarding
jonathan
syria
wing
eyed
heavily
packets
quantitative
anal
screens
themselves
tribal
arrangements
leaving
fabric
tests
celebrity
decide
thereafter
medieval
mom
members
agricultural
comparisons
spend
aluminium
apparatus
pottery
might
put
depend
agenda
polish
highly
inspiration
giants
displays
packing
awesome
guns
driving
nine
canon
flashing
conspiracy
choir
pupils
ranging
employed
society
preference
seeker
reflects
blacks
tribes
virus
blocks
hobbies
miller
scientist
ask
springs
sorted
earlier
scoop
cameras
vegetable
brunei
cargo
adds
africa
posters
diamond
acres
insertion
dog
grants
america
evident
purchase
jeans
vehicle
theorem
satisfactory
with
threat
camel
disorder
calls
seven
yet
lovely
domain
interest
nervous
rule
coastal
reached
complicated
consolidated
restricted
characters
complete
yale
complimentary
ruth
brighton
lens
digest
less
psychology
fuel
parade
activity
terrible
gathered
lists
tight
compatible
reserve
gender
imagine
underground
houston
objectives
scratch
textile
analysis
coin
donated
condition
slovenia
approximately
quantity
damaged
bowl
institutional
processed
locks
submission
heard
necessarily
running
doors
design
developments
aside
champagne
affected
broker
export
hidden
concepts
validity
respond
similar
removable
tunes
similarly
periods
termination
farm
representations
ground
retain
aviation
earn
animals
systematic
hole
tours
mid
exercises
roads
muslims
advancement
belgium
engage
vessels
notify
beta
sorry
hourly
international
dozens
sector
oral
locked
situation
hart
without
general
involve
shock
when
engaged
mix
treasury
attachments
gratis
experiment
far
encouraged
paint
observed
fool
sections
cooper
visibility
shorter
events
therapeutic
rape
cradle
skins
kept
dispatched
indigenous
disable
associations
recruiting
forget
seeks
las
undertake
category
correspondence
echo
force
width
courses
wilderness
figures
doom
encounter
eligible
unexpected
sticky
barriers
carter
conventions
switch
safely
analyst
warranty
educational
scout
soldier
extensions
wedding
spray
demonstrated
encountered
leader
system
paths
experimental
examines
strike
prospective
floating
cabin
warren
cache
witnesses
examinations
potato
students
driver
tank
contains
instances
very
warrior
lunch
office
punch
survey
elephant
took
earned
skip
storm
regulation
bus
bride
cage
valuable
kuwait
incident
nutrition
compared
reflections
disclaimers
veterans
equivalent
tears
nickname
define
fur
scientific
physicians
residents
horror
ass
herb
necessity
represents
oval
cute
proceeding
tar
these
five
roles
chambers
virginia
translation
console
radius
user
posts
metal
foreign
taken
lights
severe
personnel
frames
cases
brothers
neutral
receive
visits
difficulty
holland
pools
deposits
crowd
bullet
pages
passengers
genuine
proper
thus
rome
marvel
medicine
hot
adults
adverse
albania
assumption
secondary
endorsement
explain
hand
types
are
tone
visitor
instant
read
copying
galleries
repeat
relationship
naughty
explicitly
communist
wholesale
source
originally
chairman
archives
coated
flour
scenic
crops
naval
clerk
replacing
minor
rotation
trend
intensive
apartments
descending
delivers
travel
lot
index
vision
tablets
photography
superior
card
mexico
suggested
undergraduate
oliver
determination
transportation
larger
priced
india
defining
mike
package
beneficial
remained
grades
only
our
influence
designated
placing
tee
conversations
ghana
momentum
reminder
clips
widespread
buffalo
by
fisheries
campaigns
locking
welcome
noticed
coverage
sellers
indicates
ease
shoot
trade
binary
gas
pointing
ivory
patio
per
cement
limitation
education
jurisdiction
limitations
boards
gang
czech
projectors
steam
pub
correctly
attack
daniel
university
brook
identifying
cyprus
designed
fans
snap
appeared
assumptions
portion
pale
discounted
measurements
contain
smith
format
chorus
luke
passion
films
gap
editions
lifetime
daisy
spice
designing
brooklyn
jimmy
absent
knit
pray
handled
degrees
according
oil
escorts
law
sing
stolen
insight
pathology
advantages
treated
enquiry
keys
worker
ahead
signature
lesson
calculated
laden
comments
ended
fees
said
algeria
switching
knowing
standards
landscapes
serum
bracket
angel
launches
years
odd
replaced
navigate
purchases
those
reviewing
notebook
uruguay
dodge
unable
stream
lawsuit
invited
fluid
blue
providers
receipt
articles
sheet
distances
recorded
garage
object
cedar
say
below
mag
mortality
reasoning
lender
does
lane
rare
corporations
aims
reliability
cord
perth
intervention
numbers
fetish
cabinets
finance
skating
investigator
builders
security
dan
contribute
range
garlic
voices
cables
facing
quiet
winners
specialists
complex
stopping
correct
juice
causes
blast
judgment
memorial
look
wearing
lung
herald
alone
obesity
publicly
sources
ventures
peace
addiction
threshold
aspects
seal
park
exterior
happy
seriously
prague
biography
swim
price
nothing
uganda
sleeve
illustration
stretch
unions
protected
banks
juvenile
besides
proof
beam
marriage
cleaning
wrong
poultry
overseas
wind
audit
legislation
cinema
month
currency
supplies
chance
aquatic
background
button
coal
routes
perhaps
removed
helpful
nice
heating
reload
areas
ranch
item
rider
existed
waterproof
service
turkey
mortgage
allow
importance
architects
copper
provincial
editorials
slot
execution
submit
cock
loops
surname
ontario
plus
modify
pastor
regular
bulk
processors
states
penguin
director
sodium
ukraine
enrolled
potentially
cold
stress
shot
resolutions
judges
perfect
dies
botswana
kids
dealing
back
sunny
pope
tony
knew
beautifully
ski
keen
sharp
injection
teachers
ring
survival
perspectives
compression
surely
arc
arena
across
games
geographic
comes
minute
institutes
sum
have
ensure
summary
translated
detected
enjoying
providing
fired
stuck
dallas
speakers
appears
usage
ingredients
scenes
manufacturing
anyone
departmental
gently
exceed
facility
basement
layout
principal
reproduction
deliver
zones
diameter
lonely
performer
waters
holder
lazy
cups
retired
stability
glucose
korea
cancellation
policy
ranking
worked
gold
against
tied
treat
journalism
mod
funded
delivered
transparent
camp
true
graphic
assurance
repairs
shop
defend
protecting
language
fascinating
master
dame
stocks
make
starter
caution
sit
drink
fox
donation
discount
location
mere
norman
mode
pension
oracle
tourist
attributes
mentioned
expires
calculate
examination
kernel
roughly
professional
release
generations
implement
links
opposition
vintage
enjoyed
commodities
joint
programmes
shows
february
reprints
rescue
remark
champions
hitting
hey
tan
software
george
not
weather
consequences
her
interim
found
virtue
amended
romantic
freight
latest
choose
avenue
embassy
reservation
looked
roses
excellence
confusion
springer
conducted
maria
rocket
quit
assignment
faster
honors
displayed
headline
purchased
suffer
peoples
during
owners
desired
agencies
current
destination
growth
settle
london
balance
powder
mexican
suggesting
ultimately
vanilla
related
theft
redeem
contact
stupid
coordinates
qualifications
polished
despite
fog
combination
debt
windows
arrange
estate
mighty
recipients
plumbing
artist
convenient
syndicate
classification
colours
nearly
banners
bits
supply
legs
hobby
know
groups
trash
discovery
legally
puts
acre
seasonal
dome
speed
specifies
military
named
entirely
identify
explained
document
agreements
task
poems
strategic
amend
action
causing
reveals
sharing
orchestra
cellular
livestock
strengthening
variance
killer
equally
interior
contributors
ruby
band
brutal
shareholders
eat
consisting
korean
refined
drugs
truth
type
celebration
classroom
medal
hundred
consumption
knitting
millennium
contributing
point
piece
arctic
senior
leadership
columns
dark
pending
biographies
coins
expected
employers
came
officials
brokers
bolt
length
consist
lies
thank
wrapped
protocols
money
alien
fireplace
cigarettes
has
understand
arts
coach
rewards
army
peru
browsing
competitive
respected
loving
difficult
dense
statistical
distributor
wood
lately
losses
mandate
flight
ignored
private
remarks
israel
statements
productivity
dynamics
train
pound
actors
nose
pioneer
ink
rim
revolution
reunion
facial
necessary
disposal
lines
atmospheric
coalition
out
idaho
diet
illustrations
relay
led
functional
click
thai
attach
chargers
gospel
laws
adult
easier
creates
bondage
worm
washing
pal
carrier
transfer
adaptation
minister
saying
sigma
subjects
implies
holders
bunny
pair
offerings
meditation
bean
executed
shaved
advise
surgeons
fist
dying
automatically
inch
star
trail
affiliated
comparable
testing
utah
manufactured
consequence
however
stainless
immigrants
calling
refresh
fact
arthur
criticism
cats
breaks
slight
mattress
institute
reputation
arise
hardly
omissions
sleeps
refused
occupation
particles
vocational
cross
boy
notification
nightmare
wireless
patents
faculty
counts
speeches
panels
toe
parcel
term
comparative
scored
distance
generous
notified
explosion
currently
world
recall
assignments
tricks
this
compromise
alliance
definition
boundaries
instantly
essays
framed
charges
pepper
cocks
balls
trying
admit
isle
challenges
investigations
russia
could
fleece
delhi
basket
payments
bones
tribunal
helmet
forces
accepted
sucks
diagnosis
muslim
sister
qualification
independently
capital
visible
give
iran
scores
founder
everywhere
veteran
vista
biological
zone
gains
lose
warnings
advertise
lean
vienna
infected
applicant
gives
proceedings
prisoner
seemed
highland
interests
nick
conversation
crisis
pure
rounds
bone
coast
placed
functioning
picture
postcard
occurring
constitution
remind
punk
reporting
aimed
apply
aware
integral
exhibition
innovations
weed
thing
tin
front
along
penalty
making
create
strip
genres
yukon
cook
salaries
marina
wellington
pad
babies
arrive
protect
instead
project
furniture
campaign
tradition
employ
reverse
wolf
reform
grill
draws
management
franchise
dividend
electric
comparing
wired
nations
genesis
commitments
contemporary
cell
label
careers
extending
photograph
berlin
saving
parties
die
clarity
conduct
demonstration
accompanied
disclaimer
clan
matrix
published
fig
cod
retained
continued
lighter
ancient
alt
triumph
ace
croatia
certificate
contamination
almost
yesterday
cheque
robust
success
threaded
established
corner
sunshine
trek
corporate
birds
agriculture
free
eggs
lands
practical
password
medical
holocaust
blame
payment
registry
younger
wish
broken
authorities
says
batch
guests
journalist
subscribe
seem
appliances
yours
dragon
pillow
advertiser
refugees
wanting
floral
film
bases
admission
temple
aurora
resumes
specified
alleged
marking
exact
pod
post
financial
demonstrates
rehabilitation
load
caught
explore
underlying
assumes
subscriber
matt
denver
tape
increasingly
generic
obtained
england
eh
evening
bag
lived
madrid
apt
accompanying
industrial
especially
tops
brings
need
wings
points
bin
american
shaft
communication
disclose
honest
magical
studios
documentary
ensures
awards
eye
proxy
transcript
area
chronicle
facilities
life
pipe
charts
skills
participants
distribute
slave
lip
unlike
nepal
federal
systems
handy
chest
later
conference
long
frame
daily
atom
matthew
tall
characteristic
element
glory
refer
carefully
strategy
bidding
accept
accused
smoke
quotes
floors
generates
hope
tale
sky
darkness
corresponding
warned
opponent
precisely
hence
inflation
parish
monthly
doc
crossing
bat
holes
slide
barely
chief
stationery
continuously
respect
hotel
orange
blow
contained
noise
dell
seasons
restrictions
zimbabwe
responsibility
weighted
managers
matter
infectious
reaches
gradually
second
ho
salary
did
treasures
byte
kill
knife
together
lime
recommendation
afford
monster
although
salon
cloth
while
hardware
millions
thongs
phrases
fingers
government
qualities
obviously
pacific
smooth
everybody
clearing
assistant
failed
productive
trance
addition
vacation
alaska
me
stack
explains
morning
gale
references
demands
trails
wire
rural
sculpture
tigers
stopped
faced
securities
idol
refers
funny
swiss
wait
sink
ports
saturn
processing
am
mountain
income
largest
hundreds
assure
stylish
claimed
returned
duo
dating
pull
intense
greetings
respectively
requested
oxide
sponsors
possibly
lid
verification
mathematical
sleep
seed
cakes
fancy
program
consecutive
petite
showing
bare
mirrors
faith
mechanics
mill
acids
massive
ate
clearance
asia
defendant
angry
stories
beauty
notices
rocks
engineers
sexuality
villas
responsibilities
red
lowest
makers
austria
shortly
socket
investigators
hack
profits
panama
shake
albums
additional
felt
roulette
menus
beef
cruises
reductions
higher
beaches
word
accessory
taxi
intake
silver
ton
fighter
census
ship
asking
conversion
tags
important
filling
rivers
employees
rouge
spent
chat
arabic
ride
consistently
passing
acrobat
supplier
fee
petition
fix
counters
surfaces
course
hung
specific
made
predicted
effective
beat
slides
dominant
suggestion
treating
formerly
racing
quite
construct
exclusion
facilitate
graduate
frozen
flow
convert
collections
twenty
statutory
cove
buzz
authority
grounds
sen
hull
implementation
decades
plays
was
reproduced
magnet
discussing
profit
christian
rope
jack
jewellery
justice
vote
candidate
cole
cafe
judicial
reviewer
moving
bubble
outline
exist
rejected
finding
gage
busy
watching
organisms
buttons
queries
yacht
appointments
revealed
leg
knee
vast
butts
fragrance
pledge
spears
dictionary
site
auction
central
varied
beer
fleet
string
credits
kinds
continuity
procurement
french
prefix
york
disappointed
harmful
tear
weights
instruction
heath
prizes
breeding
hunting
triangle
wines
required
betting
rental
connected
clothes
fit
more
plan
rough
coaches
emerald
joshua
olive
the
intermediate
bear
riverside
posted
replies
full
guinea
terms
tobacco
males
mineral
friends
massage
assess
merchandise
script
render
concluded
floor
shoulder
uses
butter
assembled
avoiding
testimony
separate
expand
wave
components
jackets
meant
mobiles
thy
foul
thorough
near
enters
countries
privilege
promises
machinery
british
header
manage
dumb
specialty
spanking
accommodation
acid
cited
tones
requirements
counted
bit
two
doctors
cooperation
biblical
previously
infant
roman
bite
twelve
officially
circus
null
readily
accomplish
victim
magazine
pleased
humanity
greenhouse
gauge
cool
individual
real
development
powerful
portraits
diploma
membership
moscow
generators
teams
practitioners
unknown
limited
thursday
languages
situations
california
inspector
and
nest
notes
taste
glow
hungry
mirror
requirement
escort
gifts
inquire
morocco
feat
adjacent
divine
unique
leave
papua
turner
symphony
aspect
speaks
water
posing
modes
gone
past
singing
abraham
successful
oklahoma
preliminary
knows
reviewed
brand
instructor
moderator
listen
destroy
box
prize
geological
sex
qatar
amazing
share
designation
suggestions
guaranteed
heads
profile
guru
saturday
brain
crack
saudi
delivering
super
cancer
pants
engines
bunch
symbol
belle
try
called
oven
realm
mary
native
tour
friendship
computed
setting
miami
endorsed
athletics
pets
songs
silk
lightning
slope
convicted
information
longest
safe
sake
copy
cure
estimates
drivers
decorating
courtesy
having
odds
screening
fight
bottom
adopted
between
indicator
planets
hose
postage
swift
go
chemicals
realistic
supplied
crew
meals
desert
array
class
chapter
role
wow
tie
conscious
daughter
pressing
curves
proceed
codes
received
toronto
register
community
layers
sphere
attention
alternatively
enquiries
denied
shield
griffin
arrival
violation
hebrew
volunteers
deals
brooks
re
demanding
ping
eleven
plenty
adelaide
alignment
grand
mason
missions
drainage
socks
actress
removing
bored
throughout
bookmarks
sick
stud
suspension
meeting
begin
bay
become
exploring
psychological
issues
how
progressive
pounds
orgy
example
surprised
coordinate
sail
virtually
organic
furnished
rely
securely
loves
replied
occupied
thickness
right
locally
set
choice
tend
dean
basic
gig
levy
joy
budget
map
zoo
noble
ones
attacked
liability
cluster
treatments
questions
possession
criminal
local
courage
hat
uniform
accident
let
ladies
wrote
runner
fifteen
pendant
streams
no
rendering
mainland
asian
briefly
association
progress
greatest
legitimate
blues
controlled
spell
perfume
traditional
unless
quilt
adoption
norm
hawaiian
strongly
answering
grocery
victoria
republican
stronger
prayer
ticket
turns
nation
attitude
obtain
poor
liked
thermal
span
clicking
secretary
restaurant
relation
circuits
cup
experience
religions
reasonably
qualifying
teens
fuzzy
colony
journey
prospect
advance
judge
enclosure
viewing
associate
federation
reservoir
sexual
notebooks
relaxation
root
horizon
thong
idle
marine
reasonable
tail
ultra
discounts
channels
summer
drew
charge
hop
procedure
modification
dress
sons
them
republicans
enough
home
awful
diving
fellowship
counties
empirical
karma
lips
positive
ripe
scholars
literature
do
availability
classes
harvard
boxed
atlantic
break
miscellaneous
float
substance
tobago
social
road
half
aggressive
becomes
navy
liberty
doctor
tent
mercy
trading
prepaid
act
tomato
monitors
sea
scales
frost
arrivals
dictionaries
crash
shadow
invoice
send
controversy
illinois
couples
cuisine
suffered
dust
movements
tunnel
truck
struck
find
jewish
sally
arizona
residence
shuttle
conservation
shame
survive
breaking
land
charles
safety
tried
interference
hearts
paragraph
rarely
conditions
coupon
interested
individuals
standard
climbing
corporation
temporal
transparency
cork
asset
weight
cooking
touch
tells
kind
nursing
spencer
contacting
legal
racial
problems
heel
edges
rides
market
panel
abstracts
monetary
tournaments
orientation
emperor
cult
northern
meet
thumb
inserted
continental
incorporate
external
freeze
innovation
basin
hunter
consoles
assists
pregnancy
of
unit
brilliant
imported
ana
laundry
confirmed
afternoon
poster
indicate
aqua
pro
transition
civic
consider
hairy
sought
january
greater
longer
getting
childhood
likes
teen
occasions
forest
wisdom
forum
symptoms
opposite
fixtures
compressed
compliant
parent
removal
invitations
reasons
effort
justify
continuing
medium
rob
venues
unlikely
unlock
nursery
impressed
nurses
fastest
resistance
audience
mining
demand
fate
upper
rug
dependence
tension
record
mean
recent
six
fiji
engagement
clock
ugly
scheme
prices
hammer
think
exhibitions
hurricane
regards
applicable
relate
surgical
awarded
equal
mall
punishment
speak
indeed
reality
highways
correlation
driven
static
occupations
sapphire
dollars
actually
briefs
romance
pensions
event
luck
junk
electronics
goal
elementary
legends
straight
views
shared
wherever
focus
guard
walks
schemes
parliament
metropolitan
there
lying
trustee
transformation
marketplace
business
closed
mines
sugar
workshops
ms
tooth
aging
banner
sudden
safer
evil
tagged
surrounded
integrated
sheets
irrigation
boys
textiles
covered
brazil
asp
contents
buddy
elements
apparently
suffering
expenditure
arrangement
regarded
hotels
fork
friendly
contribution
deemed
assist
sydney
eyes
perry
ave
cooperative
represented
mainly
vampire
conclusion
june
thoughts
vault
haven
produces
guys
require
potter
wonderful
promised
genius
tragedy
trusted
den
hero
steady
contributor
limiting
observation
argued
letter
scenario
entry
flexible
yearly
council
old
press
coming
sucking
molecular
breast
dive
assets
buildings
chuck
plain
surplus
configuration
id
coat
author
photographers
agent
twins
plots
really
font
versions
compiler
permits
context
helped
yen
climb
rose
prints
populations
renew
island
suits
grams
earliest
shelf
donate
suites
rear
bright
spank
architect
exists
thousands
days
blessed
rice
paris
differential
migration
eating
firm
wages
prefers
died
chicago
solo
passenger
mount
stand
greek
comfort
crime
projector
ceiling
episodes
latitude
beyond
typically
forming
rage
if
contributed
establishment
armenia
remainder
follow
revelation
whenever
leads
horny
collection
lasting
pros
rainbow
profiles
swedish
letting
reader
keyboard
assume
identified
transmit
visa
abandoned
represent
distinguished
discharge
motor
duke
carried
wagon
breath
truly
missing
butler
organ
geneva
server
speeds
happiness
pilot
precision
mu
trial
writers
endangered
fields
stunning
dot
soonest
featured
surprising
newton
present
lesser
superintendent
year
testament
designs
requests
promptly
mountains
leaves
guardian
dimension
simulation
proposition
assuming
intimate
programme
considered
alias
mysterious
islam
layer
ministers
silence
studio
heading
restriction
key
sitting
located
estates
describing
special
she
identity
bicycle
premier
november
rubber
subdivision
check
blackberry
hello
suspended
offices
retention
archive
shirts
ends
promoting
final
tuesday
inform
translator
efforts
infinite
brakes
goes
production
breeds
alloy
carpet
properties
sophisticated
manager
phoenix
combine
galaxy
king
centre
ignore
posting
slightly
excluding
explorer
assistance
solar
smell
suite
consumers
internal
added
executives
aids
sympathy
quickly
drove
closer
killing
maintenance
japan
dozen
bodies
luther
idea
coupled
offered
sip
positions
vendors
ear
mask
classified
episode
loads
democrat
board
transmitted
in
plastic
stands
alabama
doctrine
decisions
beach
save
pop
generator
capable
municipal
glenn
unsigned
feed
asbestos
figure
honey
gem
defects
units
worried
participate
stage
arising
parliamentary
whereas
kings
periodic
pen
innocent
vocal
copyrighted
hell
clients
what
brands
locate
packages
rules
nationally
rolling
directed
constructed
spoke
wound
don
levels
babe
delayed
spreading
newsletters
cam
partner
ins
jacket
ranks
doubt
run
raise
israeli
advantage
voted
weapons
literacy
day
race
provide
cosmetics
miniature
laid
meters
solution
finds
packs
books
october
fisher
exploration
taking
contests
organisation
chains
regulations
compete
clubs
balanced
protection
returns
governor
couple
denial
fire
nude
towns
dial
restore
colleagues
ten
push
introduce
grain
relying
bingo
mating
loans
compilation
blonde
impressive
consideration
lanes
venice
ozone
manufacturers
appropriations
ago
terrain
bad
appreciated
kit
emissions
maintaining
incentive
senators
descriptions
believe
remedy
literally
express
liquid
beside
induced
started
football
chester
enhancing
mounted
differ
partnership
drive
vacations
particularly
enormous
shell
union
drama
commissioners
launched
chaos
royalty
reception
quebec
arm
tribute
directors
extras
privacy
creation
most
excitement
imagination
wives
fall
queen
olympus
invisible
slim
way
participated
moves
riding
well
carnival
jam
editing
immigration
pace
consists
assessed
invest
hiring
ideas
video
learn
engaging
bird
broadway
trouble
foundations
libraries
publications
fame
worship
pit
turkish
naturally
revenues
projection
soup
elder
qualify
incest
ford
buyer
bermuda
sexually
continue
minority
poet
plates
proposals
humidity
cultures
patterns
simply
rendered
understood
concentration
doll
listening
fed
drives
became
commit
active
navigator
nil
composer
titans
president
deaf
ferry
edited
politicians
cheers
baskets
somalia
encouraging
maybe
bother
updated
evaluation
tender
textbook
competitors
deck
laugh
shaw
sterling
breakdown
atlas
failing
urgent
discovered
inter
host
annually
academy
win
appeal
manner
spring
undo
mechanism
acknowledged
retrieve
soap
cigarette
customers
round
exhaust
essentially
disorders
overnight
continues
canada
mills
zinc
routing
gulf
shorts
policies
character
budgets
pursuit
tongue
several
chick
rail
criterion
species
text
submitting
changing
studied
divorce
commented
san
rising
collaboration
bronze
tire
assisted
nurse
findings
postal
milk
double
since
teddy
fax
necklace
decimal
buyers
peer
older
filled
an
belfast
carrying
drops
pens
inn
expanded
starting
onto
stranger
mail
verse
solid
pride
bloom
asks
pay
will
announces
tourism
atmosphere
mark
described
bra
cube
watches
cosmetic
consult
cheats
errors
about
defence
newly
horses
hair
ha
random
edit
congo
little
brass
library
musician
shirt
goals
pairs
defensive
openings
olympic
districts
entity
electoral
requesting
player
conclusions
practitioner
displaying
rich
achieve
porcelain
stays
inappropriate
hard
always
anxiety
movies
fossil
baseball
advanced
charger
valuation
officer
options
metallic
clear
chamber
raises
washer
hanging
philosophy
bras
concentrate
saint
unified
disabilities
mess
station
texture
slow
glass
penetration
samoa
scottish
trademark
trust
cons
apparent
bond
monkey
islamic
favour
sue
durable
resolved
institutions
use
france
geographical
violations
convertible
dated
sort
style
bush
colleges
exit
enterprises
navigation
because
certificates
simultaneously
pieces
gnome
closest
eve
relatives
spain
tasks
prospects
nowhere
designer
michigan
own
nu
protein
ending
shares
room
crucial
argue
following
collectors
mar
injury
affairs
tap
additions
award
dispute
women
attending
aquarium
cope
whole
edition
alike
damn
preparation
to
risks
depth
reduced
won
mother
speaking
relates
alpha
annual
same
infants
cat
intensity
moderate
emotional
platforms
surveys
platinum
females
hide
formation
professor
household
rent
accessories
strength
deposit
yeah
architecture
hats
call
inspections
therefore
pictures
history
categories
costs
whore
supervision
rebel
streaming
leather
bald
slowly
knives
employment
warriors
bonds
spaces
phone
secured
exercise
phrase
non
math
lebanon
murray
seen
flyer
improvement
fundamentals
wider
actively
versus
us
outcome
printing
successfully
wit
egg
it
maritime
flip
malta
early
evolution
consistency
horizontal
informed
perform
mint
emission
devoted
junior
times
conviction
hostel
paraguay
pins
texas
asked
shelter
learned
caused
bahamas
mandatory
initiated
worse
fashion
tag
observer
zero
some
alert
framing
promotion
sierra
varies
sandy
lap
houses
dirt
linked
manual
than
small
code
performing
acts
lotus
analytical
genealogy
rwanda
losing
ted
ocean
rabbit
defeat
cast
scale
duplicate
reflect
entered
passport
giant
deferred
spread
cash
restaurants
sword
singles
broader
wet
synthesis
particle
models
danger
hi
we
imposed
huge
historic
announcements
tribe
gave
participation
workers
fathers
abuse
natural
uncertainty
twist
funds
journal
bulgaria
climate
instrumental
harry
session
items
concrete
convergence
revised
stop
streets
branches
compact
jumping
capture
dried
screen
logical
families
flights
worth
windsor
whatever
freedom
campus
volume
translations
seekers
leading
burner
responded
editor
probably
photos
racks
casual
exposed
personality
foster
ram
radio
loose
prisoners
printers
boots
pi
region
cutting
bow
quest
feet
variations
signed
responding
east
offer
window
pockets
collar
cause
wide
achieving
coating
violin
respective
tracked
dutch
march
impression
their
towards
talent
acknowledge
lamps
finger
empty
stuff
stating
apple
portrait
male
filing
vehicles
enclosed
heavy
smile
frontier
drain
reads
candle
makes
output
operators
application
reviews
media
promise
gaps
ideal
individually
van
outlet
drill
turned
releases
other
verified
sociology
characteristics
married
enlarge
previous
expert
clinical
founded
department
sense
lobby
elect
tier
salt
missouri
knight
precipitation
autumn
ourselves
cologne
bosnia
stores
booty
homes
grove
normally
belts
inspection
none
hearing
regard
citizens
captured
relations
talking
passes
peers
person
forth
cancel
research
remember
florida
grow
aaron
calculations
changed
transmission
sized
troops
hockey
finances
property
ratios
newspapers
discussed
relax
surrounding
parents
alto
guided
marked
signal
adequate
storage
attempts
minimum
they
happening
lecture
arbitrary
picks
though
initial
tuition
loading
factory
oscar
thinking
representatives
environmental
paradise
affair
alternatives
entering
shopping
concerns
comment
attractions
warrant
cotton
drawing
promotes
projects
niagara
inclusive
handed
hindu
spectacular
elections
putting
readers
boats
impaired
image
bull
directories
scholar
mouth
terminals
cents
anticipated
intellectual
taxes
incurred
crest
privileges
assessment
congressional
snow
requires
messenger
gods
generating
gain
geology
smart
obligation
permission
pollution
prep
cartridge
page
treaty
representing
molecules
often
dover
merchants
intelligent
walls
taxation
creatures
extended
then
tiles
competition
generally
ballet
indiana
leasing
fold
winds
hardwood
mold
would
stadium
who
gateway
checking
wear
piano
equilibrium
tube
shown
genetic
publishing
chef
combining
raised
indoor
version
confidence
thread
formats
violence
enable
enlargement
sixth
registration
chase
rugs
impossible
mice
noon
valves
institution
mobile
baghdad
kingdom
companies
essence
laughing
joins
